New log file opened at Sun Feb 21 14:13:04 EST 2016 by 98695@wide.local
Sending msg to client activator-8f1d5e17-0157-4106-9434-12c0ccceeb9b: DetachedLogEvent(LogMessage(debug,sbt client logs are in: /Users/therk/CodeDeployTest/.sbtserver/connections/activator-8f1d5e17-0157-4106-9434-12c0ccceeb9b.log))
Sending msg to client activator-8f1d5e17-0157-4106-9434-12c0ccceeb9b: DetachedLogEvent(LogMessage(debug,sbt server socket logs are in: /Users/therk/CodeDeployTest/.sbtserver/connections/master.log))
Sending msg to client activator-8f1d5e17-0157-4106-9434-12c0ccceeb9b: DetachedLogEvent(LogMessage(debug,sbt general server logs are in: /Users/therk/CodeDeployTest/.sbtserver/master.log))
Reading next message from client.
Got request: ListenToEvents()
Reading next message from client.
Got request: ListenToBuildChange()
Reading next message from client.
Sending msg to client activator-8f1d5e17-0157-4106-9434-12c0ccceeb9b: DetachedLogEvent(LogMessage(debug,> --initialize))
Got request: SendSyntheticBuildChanged()
Reading next message from client.
Got request: KeyLookupRequest(discoveredMainClasses)
Reading next message from client.
Got request: KeyLookupRequest(mainClass)
Reading next message from client.
Sending msg to client activator-8f1d5e17-0157-4106-9434-12c0ccceeb9b: (3,ReceivedResponse())
Sending msg to client activator-8f1d5e17-0157-4106-9434-12c0ccceeb9b: DetachedLogEvent(LogMessage(debug,> initialize))
Sending msg to client activator-8f1d5e17-0157-4106-9434-12c0ccceeb9b: DetachedLogEvent(LogMessage(debug,> onFailure load-failed))
Sending msg to client activator-8f1d5e17-0157-4106-9434-12c0ccceeb9b: DetachedLogEvent(LogMessage(debug,> boot))
Sending msg to client activator-8f1d5e17-0157-4106-9434-12c0ccceeb9b: DetachedLogEvent(LogMessage(debug,> reload))
Sending msg to client activator-8f1d5e17-0157-4106-9434-12c0ccceeb9b: DetachedLogEvent(LogMessage(debug,[Loading] Scanning directory /Users/therk/.sbt/0.13/plugins))
Sending msg to client activator-8f1d5e17-0157-4106-9434-12c0ccceeb9b: DetachedLogEvent(LogMessage(debug,[Loading] Found non-root projects ))
Sending msg to client activator-8f1d5e17-0157-4106-9434-12c0ccceeb9b: DetachedLogEvent(LogMessage(debug,[Loading] Done in /Users/therk/.sbt/0.13/plugins, returning: ()))
Sending msg to client activator-8f1d5e17-0157-4106-9434-12c0ccceeb9b: DetachedLogEvent(LogMessage(debug,deducing auto plugins based on known facts Set(Atom(sbt.plugins.CorePlugin)) and clauses Clauses(List(Clause(Atom(sbt.plugins.JvmPlugin),Set(Atom(sbt.plugins.IvyPlugin))), Clause(Atom(sbt.plugins.JUnitXmlReportPlugin),Set(Atom(sbt.plugins.JvmPlugin))), Clause(Atom(sbt.plugins.CorePlugin),Set(Atom(sbt.plugins.IvyPlugin))), Clause(Atom(sbt.plugins.IvyPlugin),Set(Atom(sbt.plugins.JvmPlugin))), Clause(Atom(sbt.plugins.JvmPlugin),Set(Atom(sbt.plugins.JUnitXmlReportPlugin)))))))
Sending msg to client activator-8f1d5e17-0157-4106-9434-12c0ccceeb9b: DetachedLogEvent(LogMessage(debug,  :: deduced result: Matched(sbt.plugins.CorePlugin,sbt.plugins.IvyPlugin,sbt.plugins.JvmPlugin,sbt.plugins.JUnitXmlReportPlugin)))
Sending msg to client activator-8f1d5e17-0157-4106-9434-12c0ccceeb9b: DetachedLogEvent(LogMessage(debug,sorting: ns: List(sbt.plugins.CorePlugin, sbt.plugins.IvyPlugin, sbt.plugins.JvmPlugin, sbt.plugins.JUnitXmlReportPlugin)))
Sending msg to client activator-8f1d5e17-0157-4106-9434-12c0ccceeb9b: DetachedLogEvent(LogMessage(debug,  :: sorting:: found: List(sbt.plugins.CorePlugin) not found List(sbt.plugins.IvyPlugin, sbt.plugins.JvmPlugin, sbt.plugins.JUnitXmlReportPlugin)))
Sending msg to client activator-8f1d5e17-0157-4106-9434-12c0ccceeb9b: DetachedLogEvent(LogMessage(debug,  :: sorting:: found: List(sbt.plugins.CorePlugin, sbt.plugins.IvyPlugin) not found List(sbt.plugins.JvmPlugin, sbt.plugins.JUnitXmlReportPlugin)))
Sending msg to client activator-8f1d5e17-0157-4106-9434-12c0ccceeb9b: DetachedLogEvent(LogMessage(debug,  :: sorting:: found: List(sbt.plugins.CorePlugin, sbt.plugins.IvyPlugin, sbt.plugins.JvmPlugin) not found List(sbt.plugins.JUnitXmlReportPlugin)))
Sending msg to client activator-8f1d5e17-0157-4106-9434-12c0ccceeb9b: DetachedLogEvent(LogMessage(debug,  :: sorting:: found: List(sbt.plugins.CorePlugin, sbt.plugins.IvyPlugin, sbt.plugins.JvmPlugin, sbt.plugins.JUnitXmlReportPlugin) not found List()))
Sending msg to client activator-8f1d5e17-0157-4106-9434-12c0ccceeb9b: DetachedLogEvent(LogMessage(debug,  :: sorted deduced result: List(sbt.plugins.CorePlugin, sbt.plugins.IvyPlugin, sbt.plugins.JvmPlugin, sbt.plugins.JUnitXmlReportPlugin)))
Sending msg to client activator-8f1d5e17-0157-4106-9434-12c0ccceeb9b: DetachedLogEvent(LogMessage(debug,[Loading] Done in /Users/therk/.sbt/0.13/plugins, returning: (global-plugins)))
Sending msg to client activator-8f1d5e17-0157-4106-9434-12c0ccceeb9b: DetachedLogEvent(LogMessage(info,Loading global plugins from /Users/therk/.sbt/0.13/plugins))
Sending msg to client activator-8f1d5e17-0157-4106-9434-12c0ccceeb9b: DetachedLogEvent(LogMessage(debug,Running task... Cancel: sbt.TaskCancellationStrategy$Null$@4780e7af, check cycles: false))
Sending msg to client activator-8f1d5e17-0157-4106-9434-12c0ccceeb9b: DetachedLogEvent(LogMessage(debug,
Initial source changes: 
	removed:Set()
	added: Set()
	modified: Set()
Removed products: Set()
External API changes: API Changes: Set()
Modified binary dependencies: Set()
Initial directly invalidated sources: Set()

Sources indirectly invalidated by:
	product: Set()
	binary dep: Set()
	external source: Set()))
Sending msg to client activator-8f1d5e17-0157-4106-9434-12c0ccceeb9b: DetachedLogEvent(LogMessage(debug,All initially invalidated sources: Set()
))
Sending msg to client activator-8f1d5e17-0157-4106-9434-12c0ccceeb9b: DetachedLogEvent(LogMessage(debug,Copy resource mappings: 
	))
Sending msg to client activator-8f1d5e17-0157-4106-9434-12c0ccceeb9b: DetachedLogEvent(LogMessage(debug,Other repositories:))
Sending msg to client activator-8f1d5e17-0157-4106-9434-12c0ccceeb9b: DetachedLogEvent(LogMessage(debug,Default repositories:))
Sending msg to client activator-8f1d5e17-0157-4106-9434-12c0ccceeb9b: DetachedLogEvent(LogMessage(debug,Using inline dependencies specified in Scala.))
Sending msg to client activator-8f1d5e17-0157-4106-9434-12c0ccceeb9b: DetachedLogEvent(LogMessage(debug,[Loading] Scanning directory /Users/therk/CodeDeployTest/project))
Sending msg to client activator-8f1d5e17-0157-4106-9434-12c0ccceeb9b: DetachedLogEvent(LogMessage(debug,[Loading] Found non-root projects ))
Sending msg to client activator-8f1d5e17-0157-4106-9434-12c0ccceeb9b: DetachedLogEvent(LogMessage(debug,[Loading] Done in /Users/therk/CodeDeployTest/project, returning: ()))
Sending msg to client activator-8f1d5e17-0157-4106-9434-12c0ccceeb9b: DetachedLogEvent(LogMessage(debug,deducing auto plugins based on known facts Set(Atom(sbt.plugins.CorePlugin)) and clauses Clauses(List(Clause(Atom(sbt.plugins.JvmPlugin),Set(Atom(sbt.plugins.IvyPlugin))), Clause(Atom(sbt.plugins.JUnitXmlReportPlugin),Set(Atom(sbt.plugins.JvmPlugin))), Clause(Atom(sbt.plugins.CorePlugin),Set(Atom(sbt.plugins.IvyPlugin))), Clause(Atom(sbt.plugins.IvyPlugin),Set(Atom(sbt.plugins.JvmPlugin))), Clause(Atom(sbt.plugins.JvmPlugin),Set(Atom(sbt.plugins.JUnitXmlReportPlugin)))))))
Sending msg to client activator-8f1d5e17-0157-4106-9434-12c0ccceeb9b: DetachedLogEvent(LogMessage(debug,  :: deduced result: Matched(sbt.plugins.CorePlugin,sbt.plugins.IvyPlugin,sbt.plugins.JvmPlugin,sbt.plugins.JUnitXmlReportPlugin)))
Sending msg to client activator-8f1d5e17-0157-4106-9434-12c0ccceeb9b: DetachedLogEvent(LogMessage(debug,sorting: ns: List(sbt.plugins.CorePlugin, sbt.plugins.IvyPlugin, sbt.plugins.JvmPlugin, sbt.plugins.JUnitXmlReportPlugin)))
Sending msg to client activator-8f1d5e17-0157-4106-9434-12c0ccceeb9b: DetachedLogEvent(LogMessage(debug,  :: sorting:: found: List(sbt.plugins.CorePlugin) not found List(sbt.plugins.IvyPlugin, sbt.plugins.JvmPlugin, sbt.plugins.JUnitXmlReportPlugin)))
Sending msg to client activator-8f1d5e17-0157-4106-9434-12c0ccceeb9b: DetachedLogEvent(LogMessage(debug,  :: sorting:: found: List(sbt.plugins.CorePlugin, sbt.plugins.IvyPlugin) not found List(sbt.plugins.JvmPlugin, sbt.plugins.JUnitXmlReportPlugin)))
Sending msg to client activator-8f1d5e17-0157-4106-9434-12c0ccceeb9b: DetachedLogEvent(LogMessage(debug,  :: sorting:: found: List(sbt.plugins.CorePlugin, sbt.plugins.IvyPlugin, sbt.plugins.JvmPlugin) not found List(sbt.plugins.JUnitXmlReportPlugin)))
Sending msg to client activator-8f1d5e17-0157-4106-9434-12c0ccceeb9b: DetachedLogEvent(LogMessage(debug,  :: sorting:: found: List(sbt.plugins.CorePlugin, sbt.plugins.IvyPlugin, sbt.plugins.JvmPlugin, sbt.plugins.JUnitXmlReportPlugin) not found List()))
Sending msg to client activator-8f1d5e17-0157-4106-9434-12c0ccceeb9b: DetachedLogEvent(LogMessage(debug,  :: sorted deduced result: List(sbt.plugins.CorePlugin, sbt.plugins.IvyPlugin, sbt.plugins.JvmPlugin, sbt.plugins.JUnitXmlReportPlugin)))
Sending msg to client activator-8f1d5e17-0157-4106-9434-12c0ccceeb9b: DetachedLogEvent(LogMessage(debug,[Loading] Done in /Users/therk/CodeDeployTest/project, returning: (codedeploytest-build)))
Sending msg to client activator-8f1d5e17-0157-4106-9434-12c0ccceeb9b: DetachedLogEvent(LogMessage(info,Loading project definition from /Users/therk/CodeDeployTest/project))
Sending msg to client activator-8f1d5e17-0157-4106-9434-12c0ccceeb9b: DetachedLogEvent(LogMessage(debug,Running task... Cancel: sbt.TaskCancellationStrategy$Null$@4780e7af, check cycles: false))
Sending msg to client activator-8f1d5e17-0157-4106-9434-12c0ccceeb9b: DetachedLogEvent(LogMessage(debug,
Initial source changes: 
	removed:Set()
	added: Set()
	modified: Set()
Removed products: Set()
External API changes: API Changes: Set()
Modified binary dependencies: Set()
Initial directly invalidated sources: Set()

Sources indirectly invalidated by:
	product: Set()
	binary dep: Set()
	external source: Set()))
Sending msg to client activator-8f1d5e17-0157-4106-9434-12c0ccceeb9b: DetachedLogEvent(LogMessage(debug,All initially invalidated sources: Set()
))
Sending msg to client activator-8f1d5e17-0157-4106-9434-12c0ccceeb9b: DetachedLogEvent(LogMessage(debug,Copy resource mappings: 
	))
Sending msg to client activator-8f1d5e17-0157-4106-9434-12c0ccceeb9b: DetachedLogEvent(LogMessage(debug,[Loading] Scanning directory /Users/therk/CodeDeployTest))
Sending msg to client activator-8f1d5e17-0157-4106-9434-12c0ccceeb9b: DetachedLogEvent(LogMessage(debug,[Loading] Found root project root w/ remaining ))
Sending msg to client activator-8f1d5e17-0157-4106-9434-12c0ccceeb9b: DetachedLogEvent(LogMessage(debug,deducing auto plugins based on known facts Set(Atom(sbt.plugins.CorePlugin), Atom(sbt.codedeploy.CodeDeployPlugin), Atom(play.sbt.PlayScala), Atom(com.typesafe.sbt.web.SbtWeb), Atom(wartremover.WartRemover), Atom(com.timushev.sbt.updates.UpdatesPlugin)) and clauses Clauses(List(Clause(Atom(sbt.plugins.JvmPlugin),Set(Atom(sbt.plugins.IvyPlugin))), Clause(Atom(sbt.plugins.JUnitXmlReportPlugin),Set(Atom(sbt.plugins.JvmPlugin))), Clause(Atom(play.sbt.forkrun.PlayForkRun),Set(Atom(sbt.plugins.BackgroundRunPlugin))), Clause(Atom(play.sbt.forkrun.PlayForkRun),Set(Atom(play.sbt.Play))), Clause(Atom(play.sbt.forkrun.PlayForkRun),Set(Atom(sbt.plugins.SerializersPlugin))), Clause(Atom(play.sbt.Play),Set(Atom(com.typesafe.sbt.packager.archetypes.JavaServerAppPackaging))), Clause(Atom(play.sbt.Play),Set(Atom(play.sbt.routes.RoutesCompiler))), Clause(Atom(play.sbt.Play),Set(Atom(play.twirl.sbt.SbtTwirl))), Clause(Atom(play.sbt.Play),Set(Atom(com.typesafe.sbt.jse.SbtJsTask))), Clause(Atom(play.sbt.PlayAkkaHttpServer),Set(Atom(play.sbt.Play))), Clause(Atom(play.sbt.PlayJava),Set(Atom(play.sbt.Play))), Clause(Atom(play.sbt.PlayLayoutPlugin),Set(Atom(play.sbt.Play))), Clause(Atom(play.sbt.PlayNettyServer),Set(Atom(play.sbt.Play))), Clause(Atom(play.sbt.PlayScala),Set(Atom(play.sbt.Play))), Clause(Atom(play.sbt.routes.RoutesCompiler),Set(Atom(sbt.plugins.JvmPlugin))), Clause(Atom(play.twirl.sbt.SbtTwirl),Set(Atom(sbt.plugins.JvmPlugin))), Clause(Atom(com.typesafe.sbt.packager.archetypes.AkkaAppPackaging),Set(Atom(com.typesafe.sbt.packager.archetypes.JavaAppPackaging))), Clause(Atom(com.typesafe.sbt.packager.archetypes.JavaAppPackaging),Set(Atom(com.typesafe.sbt.packager.windows.WindowsPlugin))), Clause(Atom(com.typesafe.sbt.packager.archetypes.JavaAppPackaging),Set(Atom(com.typesafe.sbt.packager.docker.DockerPlugin))), Clause(Atom(com.typesafe.sbt.packager.archetypes.JavaAppPackaging),Set(Atom(com.typesafe.sbt.packager.debian.DebianPlugin))), Clause(Atom(com.typesafe.sbt.packager.archetypes.JavaAppPackaging),Set(Atom(com.typesafe.sbt.packager.rpm.RpmPlugin))), Clause(Atom(com.typesafe.sbt.packager.archetypes.JavaServerAppPackaging),Set(Atom(com.typesafe.sbt.packager.archetypes.JavaAppPackaging))), Clause(Atom(com.typesafe.sbt.packager.archetypes.jar.ClasspathJarPlugin),Set(Atom(com.typesafe.sbt.packager.archetypes.JavaAppPackaging))), Clause(Atom(com.typesafe.sbt.packager.archetypes.jar.LauncherJarPlugin),Set(Atom(com.typesafe.sbt.packager.archetypes.JavaAppPackaging))), Clause(Atom(com.typesafe.sbt.packager.debian.DebianDeployPlugin),Set(Atom(com.typesafe.sbt.packager.debian.DebianPlugin))), Clause(Atom(com.typesafe.sbt.packager.debian.DebianPlugin),Set(Atom(com.typesafe.sbt.packager.linux.LinuxPlugin))), Clause(Atom(com.typesafe.sbt.packager.debian.JDebPackaging),Set(Atom(com.typesafe.sbt.packager.debian.DebianPlugin))), Clause(Atom(com.typesafe.sbt.packager.docker.DockerPlugin),Set(Atom(com.typesafe.sbt.packager.universal.UniversalPlugin))), Clause(Atom(com.typesafe.sbt.packager.jdkpackager.JDKPackagerDeployPlugin),Set(Atom(com.typesafe.sbt.packager.jdkpackager.JDKPackagerPlugin))), Clause(Atom(com.typesafe.sbt.packager.jdkpackager.JDKPackagerPlugin),Set(Atom(com.typesafe.sbt.packager.archetypes.JavaAppPackaging))), Clause(Atom(com.typesafe.sbt.packager.jdkpackager.JDKPackagerPlugin),Set(Atom(com.typesafe.sbt.packager.archetypes.jar.ClasspathJarPlugin))), Clause(Atom(com.typesafe.sbt.packager.linux.LinuxPlugin),Set(Atom(com.typesafe.sbt.packager.universal.UniversalPlugin))), Clause(Atom(com.typesafe.sbt.packager.rpm.RpmDeployPlugin),Set(Atom(com.typesafe.sbt.packager.rpm.RpmPlugin))), Clause(Atom(com.typesafe.sbt.packager.rpm.RpmPlugin),Set(Atom(com.typesafe.sbt.packager.linux.LinuxPlugin))), Clause(Atom(com.typesafe.sbt.packager.universal.UniversalDeployPlugin),Set(Atom(com.typesafe.sbt.packager.universal.UniversalPlugin))), Clause(Atom(com.typesafe.sbt.packager.universal.UniversalPlugin),Set(Atom(com.typesafe.sbt.SbtNativePackager))), Clause(Atom(com.typesafe.sbt.packager.windows.WindowsDeployPlugin),Set(Atom(com.typesafe.sbt.packager.windows.WindowsPlugin))), Clause(Atom(com.typesafe.sbt.packager.windows.WindowsPlugin),Set(Atom(com.typesafe.sbt.packager.universal.UniversalPlugin))), Clause(Atom(com.typesafe.sbt.web.SbtWeb),Set(Atom(sbt.plugins.JvmPlugin))), Clause(Atom(com.typesafe.sbt.jse.SbtJsTask),Set(Atom(com.typesafe.sbt.jse.SbtJsEngine))), Clause(Atom(sbt.plugins.BackgroundRunPlugin),Set(Atom(sbt.plugins.JvmPlugin))), Clause(Atom(com.typesafe.sbt.less.SbtLess),Set(Atom(com.typesafe.sbt.jse.SbtJsTask))), Clause(Atom(com.typesafe.sbt.jshint.SbtJSHint),Set(Atom(com.typesafe.sbt.jse.SbtJsTask))), Clause(Atom(com.typesafe.play.sbt.enhancer.PlayEnhancer),Set(Atom(sbt.plugins.JvmPlugin))), Clause(Atom(sbt.plugins.CorePlugin),Set(Atom(sbt.plugins.IvyPlugin))), Clause(Atom(sbt.plugins.IvyPlugin),Set(Atom(sbt.plugins.JvmPlugin))), Clause(Atom(sbt.plugins.JvmPlugin),Set(Atom(sbt.plugins.JUnitXmlReportPlugin))), Clause(And(Set(Atom(sbt.plugins.BackgroundRunPlugin), Atom(play.sbt.Play), Atom(sbt.plugins.SerializersPlugin))),Set(Atom(play.sbt.forkrun.PlayForkRun))), Clause(Atom(play.sbt.Play),Set(Atom(play.sbt.PlayLayoutPlugin))), Clause(Atom(play.sbt.Play),Set(Atom(play.sbt.PlayNettyServer))), Clause(Atom(com.typesafe.sbt.web.SbtWeb),Set(Atom(com.typesafe.sbt.jse.SbtJsEngine))), Clause(Atom(com.typesafe.sbt.jse.SbtJsEngine),Set(Atom(com.typesafe.sbt.jse.SbtJsTask))), Clause(Atom(sbt.plugins.JvmPlugin),Set(Atom(sbt.plugins.BackgroundRunPlugin))), Clause(Atom(sbt.plugins.CorePlugin),Set(Atom(sbt.plugins.InteractionServicePlugin))), Clause(Atom(sbt.plugins.CorePlugin),Set(Atom(sbt.plugins.SendEventServicePlugin))), Clause(Atom(sbt.plugins.CorePlugin),Set(Atom(sbt.plugins.SerializersPlugin))), Clause(Atom(com.typesafe.sbt.jse.SbtJsTask),Set(Atom(com.typesafe.sbt.less.SbtLess))), Clause(Atom(com.typesafe.sbt.jse.SbtJsTask),Set(Atom(com.typesafe.sbt.jshint.SbtJSHint))), Clause(Atom(com.typesafe.sbt.web.SbtWeb),Set(Atom(com.typesafe.sbt.digest.SbtDigest))), Clause(Atom(sbt.plugins.JvmPlugin),Set(Atom(com.typesafe.play.sbt.enhancer.PlayEnhancer)))))))
Sending msg to client activator-8f1d5e17-0157-4106-9434-12c0ccceeb9b: DetachedLogEvent(LogMessage(debug,  :: deduced result: Matched(com.timushev.sbt.updates.UpdatesPlugin,wartremover.WartRemover,com.typesafe.sbt.web.SbtWeb,play.sbt.PlayScala,sbt.codedeploy.CodeDeployPlugin,sbt.plugins.CorePlugin,com.typesafe.sbt.digest.SbtDigest,sbt.plugins.JvmPlugin,sbt.plugins.InteractionServicePlugin,sbt.plugins.SendEventServicePlugin,play.sbt.Play,sbt.plugins.SerializersPlugin,sbt.plugins.IvyPlugin,com.typesafe.sbt.jse.SbtJsEngine,com.typesafe.sbt.packager.archetypes.JavaServerAppPackaging,play.twirl.sbt.SbtTwirl,com.typesafe.play.sbt.enhancer.PlayEnhancer,play.sbt.PlayNettyServer,sbt.plugins.JUnitXmlReportPlugin,play.sbt.PlayLayoutPlugin,play.sbt.routes.RoutesCompiler,com.typesafe.sbt.jse.SbtJsTask,sbt.plugins.BackgroundRunPlugin,com.typesafe.sbt.jshint.SbtJSHint,com.typesafe.sbt.less.SbtLess,play.sbt.forkrun.PlayForkRun,com.typesafe.sbt.packager.archetypes.JavaAppPackaging,com.typesafe.sbt.packager.rpm.RpmPlugin,com.typesafe.sbt.packager.debian.DebianPlugin,com.typesafe.sbt.packager.docker.DockerPlugin,com.typesafe.sbt.packager.windows.WindowsPlugin,com.typesafe.sbt.packager.universal.UniversalPlugin,com.typesafe.sbt.packager.linux.LinuxPlugin,com.typesafe.sbt.SbtNativePackager)))
Sending msg to client activator-8f1d5e17-0157-4106-9434-12c0ccceeb9b: DetachedLogEvent(LogMessage(debug,sorting: ns: List(com.timushev.sbt.updates.UpdatesPlugin, wartremover.WartRemover, com.typesafe.sbt.web.SbtWeb, play.sbt.PlayScala, sbt.codedeploy.CodeDeployPlugin, sbt.plugins.CorePlugin, com.typesafe.sbt.digest.SbtDigest, sbt.plugins.JvmPlugin, sbt.plugins.InteractionServicePlugin, sbt.plugins.SendEventServicePlugin, play.sbt.Play, sbt.plugins.SerializersPlugin, sbt.plugins.IvyPlugin, com.typesafe.sbt.jse.SbtJsEngine, com.typesafe.sbt.packager.archetypes.JavaServerAppPackaging, play.twirl.sbt.SbtTwirl, com.typesafe.play.sbt.enhancer.PlayEnhancer, play.sbt.PlayNettyServer, sbt.plugins.JUnitXmlReportPlugin, play.sbt.PlayLayoutPlugin, play.sbt.routes.RoutesCompiler, com.typesafe.sbt.jse.SbtJsTask, sbt.plugins.BackgroundRunPlugin, com.typesafe.sbt.jshint.SbtJSHint, com.typesafe.sbt.less.SbtLess, play.sbt.forkrun.PlayForkRun, com.typesafe.sbt.packager.archetypes.JavaAppPackaging, com.typesafe.sbt.packager.rpm.RpmPlugin, com.typesafe.sbt.packager.debian.DebianPlugin, com.typesafe.sbt.packager.docker.DockerPlugin, com.typesafe.sbt.packager.windows.WindowsPlugin, com.typesafe.sbt.packager.universal.UniversalPlugin, com.typesafe.sbt.packager.linux.LinuxPlugin, com.typesafe.sbt.SbtNativePackager)))
Sending msg to client activator-8f1d5e17-0157-4106-9434-12c0ccceeb9b: DetachedLogEvent(LogMessage(debug,  :: sorting:: found: List(com.timushev.sbt.updates.UpdatesPlugin, wartremover.WartRemover, sbt.codedeploy.CodeDeployPlugin, sbt.plugins.CorePlugin, com.typesafe.sbt.SbtNativePackager) not found List(com.typesafe.sbt.web.SbtWeb, play.sbt.PlayScala, com.typesafe.sbt.digest.SbtDigest, sbt.plugins.JvmPlugin, sbt.plugins.InteractionServicePlugin, sbt.plugins.SendEventServicePlugin, play.sbt.Play, sbt.plugins.SerializersPlugin, sbt.plugins.IvyPlugin, com.typesafe.sbt.jse.SbtJsEngine, com.typesafe.sbt.packager.archetypes.JavaServerAppPackaging, play.twirl.sbt.SbtTwirl, com.typesafe.play.sbt.enhancer.PlayEnhancer, play.sbt.PlayNettyServer, sbt.plugins.JUnitXmlReportPlugin, play.sbt.PlayLayoutPlugin, play.sbt.routes.RoutesCompiler, com.typesafe.sbt.jse.SbtJsTask, sbt.plugins.BackgroundRunPlugin, com.typesafe.sbt.jshint.SbtJSHint, com.typesafe.sbt.less.SbtLess, play.sbt.forkrun.PlayForkRun, com.typesafe.sbt.packager.archetypes.JavaAppPackaging, com.typesafe.sbt.packager.rpm.RpmPlugin, com.typesafe.sbt.packager.debian.DebianPlugin, com.typesafe.sbt.packager.docker.DockerPlugin, com.typesafe.sbt.packager.windows.WindowsPlugin, com.typesafe.sbt.packager.universal.UniversalPlugin, com.typesafe.sbt.packager.linux.LinuxPlugin)))
Sending msg to client activator-8f1d5e17-0157-4106-9434-12c0ccceeb9b: DetachedLogEvent(LogMessage(debug,  :: sorting:: found: List(com.timushev.sbt.updates.UpdatesPlugin, wartremover.WartRemover, sbt.codedeploy.CodeDeployPlugin, sbt.plugins.CorePlugin, com.typesafe.sbt.SbtNativePackager, sbt.plugins.InteractionServicePlugin, sbt.plugins.SendEventServicePlugin, sbt.plugins.SerializersPlugin, sbt.plugins.IvyPlugin, com.typesafe.sbt.packager.universal.UniversalPlugin) not found List(com.typesafe.sbt.web.SbtWeb, play.sbt.PlayScala, com.typesafe.sbt.digest.SbtDigest, sbt.plugins.JvmPlugin, play.sbt.Play, com.typesafe.sbt.jse.SbtJsEngine, com.typesafe.sbt.packager.archetypes.JavaServerAppPackaging, play.twirl.sbt.SbtTwirl, com.typesafe.play.sbt.enhancer.PlayEnhancer, play.sbt.PlayNettyServer, sbt.plugins.JUnitXmlReportPlugin, play.sbt.PlayLayoutPlugin, play.sbt.routes.RoutesCompiler, com.typesafe.sbt.jse.SbtJsTask, sbt.plugins.BackgroundRunPlugin, com.typesafe.sbt.jshint.SbtJSHint, com.typesafe.sbt.less.SbtLess, play.sbt.forkrun.PlayForkRun, com.typesafe.sbt.packager.archetypes.JavaAppPackaging, com.typesafe.sbt.packager.rpm.RpmPlugin, com.typesafe.sbt.packager.debian.DebianPlugin, com.typesafe.sbt.packager.docker.DockerPlugin, com.typesafe.sbt.packager.windows.WindowsPlugin, com.typesafe.sbt.packager.linux.LinuxPlugin)))
Sending msg to client activator-8f1d5e17-0157-4106-9434-12c0ccceeb9b: DetachedLogEvent(LogMessage(debug,  :: sorting:: found: List(com.timushev.sbt.updates.UpdatesPlugin, wartremover.WartRemover, sbt.codedeploy.CodeDeployPlugin, sbt.plugins.CorePlugin, com.typesafe.sbt.SbtNativePackager, sbt.plugins.InteractionServicePlugin, sbt.plugins.SendEventServicePlugin, sbt.plugins.SerializersPlugin, sbt.plugins.IvyPlugin, com.typesafe.sbt.packager.universal.UniversalPlugin, sbt.plugins.JvmPlugin, com.typesafe.sbt.packager.docker.DockerPlugin, com.typesafe.sbt.packager.windows.WindowsPlugin, com.typesafe.sbt.packager.linux.LinuxPlugin) not found List(com.typesafe.sbt.web.SbtWeb, play.sbt.PlayScala, com.typesafe.sbt.digest.SbtDigest, play.sbt.Play, com.typesafe.sbt.jse.SbtJsEngine, com.typesafe.sbt.packager.archetypes.JavaServerAppPackaging, play.twirl.sbt.SbtTwirl, com.typesafe.play.sbt.enhancer.PlayEnhancer, play.sbt.PlayNettyServer, sbt.plugins.JUnitXmlReportPlugin, play.sbt.PlayLayoutPlugin, play.sbt.routes.RoutesCompiler, com.typesafe.sbt.jse.SbtJsTask, sbt.plugins.BackgroundRunPlugin, com.typesafe.sbt.jshint.SbtJSHint, com.typesafe.sbt.less.SbtLess, play.sbt.forkrun.PlayForkRun, com.typesafe.sbt.packager.archetypes.JavaAppPackaging, com.typesafe.sbt.packager.rpm.RpmPlugin, com.typesafe.sbt.packager.debian.DebianPlugin)))
Sending msg to client activator-8f1d5e17-0157-4106-9434-12c0ccceeb9b: DetachedLogEvent(LogMessage(debug,  :: sorting:: found: List(com.timushev.sbt.updates.UpdatesPlugin, wartremover.WartRemover, sbt.codedeploy.CodeDeployPlugin, sbt.plugins.CorePlugin, com.typesafe.sbt.SbtNativePackager, sbt.plugins.InteractionServicePlugin, sbt.plugins.SendEventServicePlugin, sbt.plugins.SerializersPlugin, sbt.plugins.IvyPlugin, com.typesafe.sbt.packager.universal.UniversalPlugin, sbt.plugins.JvmPlugin, com.typesafe.sbt.packager.docker.DockerPlugin, com.typesafe.sbt.packager.windows.WindowsPlugin, com.typesafe.sbt.packager.linux.LinuxPlugin, com.typesafe.sbt.web.SbtWeb, play.twirl.sbt.SbtTwirl, com.typesafe.play.sbt.enhancer.PlayEnhancer, sbt.plugins.JUnitXmlReportPlugin, play.sbt.routes.RoutesCompiler, sbt.plugins.BackgroundRunPlugin, com.typesafe.sbt.packager.rpm.RpmPlugin, com.typesafe.sbt.packager.debian.DebianPlugin) not found List(play.sbt.PlayScala, com.typesafe.sbt.digest.SbtDigest, play.sbt.Play, com.typesafe.sbt.jse.SbtJsEngine, com.typesafe.sbt.packager.archetypes.JavaServerAppPackaging, play.sbt.PlayNettyServer, play.sbt.PlayLayoutPlugin, com.typesafe.sbt.jse.SbtJsTask, com.typesafe.sbt.jshint.SbtJSHint, com.typesafe.sbt.less.SbtLess, play.sbt.forkrun.PlayForkRun, com.typesafe.sbt.packager.archetypes.JavaAppPackaging)))
Sending msg to client activator-8f1d5e17-0157-4106-9434-12c0ccceeb9b: DetachedLogEvent(LogMessage(debug,  :: sorting:: found: List(com.timushev.sbt.updates.UpdatesPlugin, wartremover.WartRemover, sbt.codedeploy.CodeDeployPlugin, sbt.plugins.CorePlugin, com.typesafe.sbt.SbtNativePackager, sbt.plugins.InteractionServicePlugin, sbt.plugins.SendEventServicePlugin, sbt.plugins.SerializersPlugin, sbt.plugins.IvyPlugin, com.typesafe.sbt.packager.universal.UniversalPlugin, sbt.plugins.JvmPlugin, com.typesafe.sbt.packager.docker.DockerPlugin, com.typesafe.sbt.packager.windows.WindowsPlugin, com.typesafe.sbt.packager.linux.LinuxPlugin, com.typesafe.sbt.web.SbtWeb, play.twirl.sbt.SbtTwirl, com.typesafe.play.sbt.enhancer.PlayEnhancer, sbt.plugins.JUnitXmlReportPlugin, play.sbt.routes.RoutesCompiler, sbt.plugins.BackgroundRunPlugin, com.typesafe.sbt.packager.rpm.RpmPlugin, com.typesafe.sbt.packager.debian.DebianPlugin, com.typesafe.sbt.digest.SbtDigest, com.typesafe.sbt.jse.SbtJsEngine, com.typesafe.sbt.packager.archetypes.JavaAppPackaging) not found List(play.sbt.PlayScala, play.sbt.Play, com.typesafe.sbt.packager.archetypes.JavaServerAppPackaging, play.sbt.PlayNettyServer, play.sbt.PlayLayoutPlugin, com.typesafe.sbt.jse.SbtJsTask, com.typesafe.sbt.jshint.SbtJSHint, com.typesafe.sbt.less.SbtLess, play.sbt.forkrun.PlayForkRun)))
Sending msg to client activator-8f1d5e17-0157-4106-9434-12c0ccceeb9b: DetachedLogEvent(LogMessage(debug,  :: sorting:: found: List(com.timushev.sbt.updates.UpdatesPlugin, wartremover.WartRemover, sbt.codedeploy.CodeDeployPlugin, sbt.plugins.CorePlugin, com.typesafe.sbt.SbtNativePackager, sbt.plugins.InteractionServicePlugin, sbt.plugins.SendEventServicePlugin, sbt.plugins.SerializersPlugin, sbt.plugins.IvyPlugin, com.typesafe.sbt.packager.universal.UniversalPlugin, sbt.plugins.JvmPlugin, com.typesafe.sbt.packager.docker.DockerPlugin, com.typesafe.sbt.packager.windows.WindowsPlugin, com.typesafe.sbt.packager.linux.LinuxPlugin, com.typesafe.sbt.web.SbtWeb, play.twirl.sbt.SbtTwirl, com.typesafe.play.sbt.enhancer.PlayEnhancer, sbt.plugins.JUnitXmlReportPlugin, play.sbt.routes.RoutesCompiler, sbt.plugins.BackgroundRunPlugin, com.typesafe.sbt.packager.rpm.RpmPlugin, com.typesafe.sbt.packager.debian.DebianPlugin, com.typesafe.sbt.digest.SbtDigest, com.typesafe.sbt.jse.SbtJsEngine, com.typesafe.sbt.packager.archetypes.JavaAppPackaging, com.typesafe.sbt.packager.archetypes.JavaServerAppPackaging, com.typesafe.sbt.jse.SbtJsTask) not found List(play.sbt.PlayScala, play.sbt.Play, play.sbt.PlayNettyServer, play.sbt.PlayLayoutPlugin, com.typesafe.sbt.jshint.SbtJSHint, com.typesafe.sbt.less.SbtLess, play.sbt.forkrun.PlayForkRun)))
Sending msg to client activator-8f1d5e17-0157-4106-9434-12c0ccceeb9b: DetachedLogEvent(LogMessage(debug,  :: sorting:: found: List(com.timushev.sbt.updates.UpdatesPlugin, wartremover.WartRemover, sbt.codedeploy.CodeDeployPlugin, sbt.plugins.CorePlugin, com.typesafe.sbt.SbtNativePackager, sbt.plugins.InteractionServicePlugin, sbt.plugins.SendEventServicePlugin, sbt.plugins.SerializersPlugin, sbt.plugins.IvyPlugin, com.typesafe.sbt.packager.universal.UniversalPlugin, sbt.plugins.JvmPlugin, com.typesafe.sbt.packager.docker.DockerPlugin, com.typesafe.sbt.packager.windows.WindowsPlugin, com.typesafe.sbt.packager.linux.LinuxPlugin, com.typesafe.sbt.web.SbtWeb, play.twirl.sbt.SbtTwirl, com.typesafe.play.sbt.enhancer.PlayEnhancer, sbt.plugins.JUnitXmlReportPlugin, play.sbt.routes.RoutesCompiler, sbt.plugins.BackgroundRunPlugin, com.typesafe.sbt.packager.rpm.RpmPlugin, com.typesafe.sbt.packager.debian.DebianPlugin, com.typesafe.sbt.digest.SbtDigest, com.typesafe.sbt.jse.SbtJsEngine, com.typesafe.sbt.packager.archetypes.JavaAppPackaging, com.typesafe.sbt.packager.archetypes.JavaServerAppPackaging, com.typesafe.sbt.jse.SbtJsTask, play.sbt.Play, com.typesafe.sbt.jshint.SbtJSHint, com.typesafe.sbt.less.SbtLess) not found List(play.sbt.PlayScala, play.sbt.PlayNettyServer, play.sbt.PlayLayoutPlugin, play.sbt.forkrun.PlayForkRun)))
Sending msg to client activator-8f1d5e17-0157-4106-9434-12c0ccceeb9b: DetachedLogEvent(LogMessage(debug,  :: sorting:: found: List(com.timushev.sbt.updates.UpdatesPlugin, wartremover.WartRemover, sbt.codedeploy.CodeDeployPlugin, sbt.plugins.CorePlugin, com.typesafe.sbt.SbtNativePackager, sbt.plugins.InteractionServicePlugin, sbt.plugins.SendEventServicePlugin, sbt.plugins.SerializersPlugin, sbt.plugins.IvyPlugin, com.typesafe.sbt.packager.universal.UniversalPlugin, sbt.plugins.JvmPlugin, com.typesafe.sbt.packager.docker.DockerPlugin, com.typesafe.sbt.packager.windows.WindowsPlugin, com.typesafe.sbt.packager.linux.LinuxPlugin, com.typesafe.sbt.web.SbtWeb, play.twirl.sbt.SbtTwirl, com.typesafe.play.sbt.enhancer.PlayEnhancer, sbt.plugins.JUnitXmlReportPlugin, play.sbt.routes.RoutesCompiler, sbt.plugins.BackgroundRunPlugin, com.typesafe.sbt.packager.rpm.RpmPlugin, com.typesafe.sbt.packager.debian.DebianPlugin, com.typesafe.sbt.digest.SbtDigest, com.typesafe.sbt.jse.SbtJsEngine, com.typesafe.sbt.packager.archetypes.JavaAppPackaging, com.typesafe.sbt.packager.archetypes.JavaServerAppPackaging, com.typesafe.sbt.jse.SbtJsTask, play.sbt.Play, com.typesafe.sbt.jshint.SbtJSHint, com.typesafe.sbt.less.SbtLess, play.sbt.PlayScala, play.sbt.PlayNettyServer, play.sbt.PlayLayoutPlugin, play.sbt.forkrun.PlayForkRun) not found List()))
Sending msg to client activator-8f1d5e17-0157-4106-9434-12c0ccceeb9b: DetachedLogEvent(LogMessage(debug,  :: sorted deduced result: List(com.timushev.sbt.updates.UpdatesPlugin, wartremover.WartRemover, sbt.codedeploy.CodeDeployPlugin, sbt.plugins.CorePlugin, com.typesafe.sbt.SbtNativePackager, sbt.plugins.InteractionServicePlugin, sbt.plugins.SendEventServicePlugin, sbt.plugins.SerializersPlugin, sbt.plugins.IvyPlugin, com.typesafe.sbt.packager.universal.UniversalPlugin, sbt.plugins.JvmPlugin, com.typesafe.sbt.packager.docker.DockerPlugin, com.typesafe.sbt.packager.windows.WindowsPlugin, com.typesafe.sbt.packager.linux.LinuxPlugin, com.typesafe.sbt.web.SbtWeb, play.twirl.sbt.SbtTwirl, com.typesafe.play.sbt.enhancer.PlayEnhancer, sbt.plugins.JUnitXmlReportPlugin, play.sbt.routes.RoutesCompiler, sbt.plugins.BackgroundRunPlugin, com.typesafe.sbt.packager.rpm.RpmPlugin, com.typesafe.sbt.packager.debian.DebianPlugin, com.typesafe.sbt.digest.SbtDigest, com.typesafe.sbt.jse.SbtJsEngine, com.typesafe.sbt.packager.archetypes.JavaAppPackaging, com.typesafe.sbt.packager.archetypes.JavaServerAppPackaging, com.typesafe.sbt.jse.SbtJsTask, play.sbt.Play, com.typesafe.sbt.jshint.SbtJSHint, com.typesafe.sbt.less.SbtLess, play.sbt.PlayScala, play.sbt.PlayNettyServer, play.sbt.PlayLayoutPlugin, play.sbt.forkrun.PlayForkRun)))
Sending msg to client activator-8f1d5e17-0157-4106-9434-12c0ccceeb9b: DetachedLogEvent(LogMessage(debug,[Loading] Done in /Users/therk/CodeDeployTest, returning: (root)))
Sending msg to client activator-8f1d5e17-0157-4106-9434-12c0ccceeb9b: DetachedLogEvent(LogTrace(Uninitialized,References to undefined settings: 

  production:stackDescribe from production:codedeployCreateDeploymentGroup ((sbt.codedeploy.CodeDeployPlugin) CodeDeploy.scala:170)

  staging:stackDescribe from staging:codedeployCreateDeploymentGroup ((sbt.codedeploy.CodeDeployPlugin) CodeDeploy.scala:170)
 ))
Sending msg to client activator-8f1d5e17-0157-4106-9434-12c0ccceeb9b: DetachedLogEvent(LogMessage(error,References to undefined settings: 

  production:stackDescribe from production:codedeployCreateDeploymentGroup ((sbt.codedeploy.CodeDeployPlugin) CodeDeploy.scala:170)

  staging:stackDescribe from staging:codedeployCreateDeploymentGroup ((sbt.codedeploy.CodeDeployPlugin) CodeDeploy.scala:170)
 ))
Sending msg to client activator-8f1d5e17-0157-4106-9434-12c0ccceeb9b: DetachedLogEvent(LogMessage(error,Use 'last' for the full log.))
Sending msg to client activator-8f1d5e17-0157-4106-9434-12c0ccceeb9b: DetachedLogEvent(LogMessage(debug,> load-failed))
Sending msg to client activator-8f1d5e17-0157-4106-9434-12c0ccceeb9b: DetachedLogEvent(LogMessage(error,Failed to load project.))
Sending msg to client activator-8f1d5e17-0157-4106-9434-12c0ccceeb9b: BuildFailedToLoad()
Sending msg to client activator-8f1d5e17-0157-4106-9434-12c0ccceeb9b: DetachedLogEvent(LogMessage(debug,> server-wait-for-reboot))
